<?xml version="1.0" encoding="UTF-8" standalone="no"?>
<!DOCTYPE log SYSTEM "logger.dtd">
<log>
<record>
  <date>2024-02-23T10:16:38.953-0300</date>
  <logger>MARCOS VINICIUS FRAGOSO DE OLIVEIRA</logger>
  <level>FINE</level>
  <message>File 122210469-MARCOS VINICIUS FRAGOSO DE OLIVEIRA.zip was received. It was sent by MARCOS VINICIUS FRAGOSO DE OLIVEIRA from IP 150.165.74.40 at 23-02-2024 10*16*38</message>
</record>
</log>
<?xml version="1.0" encoding="UTF-8" standalone="no"?>
<!DOCTYPE log SYSTEM "logger.dtd">
<log>
<record>
  <date>2024-02-23T15:16:14.168-0300</date>
  <logger>MARCOS VINICIUS FRAGOSO DE OLIVEIRA</logger>
  <level>FINE</level>
  <message>File 122210469-MARCOS VINICIUS FRAGOSO DE OLIVEIRA.zip was received. It was sent by MARCOS VINICIUS FRAGOSO DE OLIVEIRA from IP 192.168.18.181 at 23-02-2024 15*16*14</message>
</record>
</log>
<?xml version="1.0" encoding="UTF-8" standalone="no"?>
<!DOCTYPE log SYSTEM "logger.dtd">
<log>
<record>
  <date>2024-02-24T10:21:16.115-0300</date>
  <logger>MARCOS VINICIUS FRAGOSO DE OLIVEIRA</logger>
  <level>FINE</level>
  <message>File 122210469-MARCOS VINICIUS FRAGOSO DE OLIVEIRA.zip was received. It was sent by MARCOS VINICIUS FRAGOSO DE OLIVEIRA from IP 192.168.18.181 at 24-02-2024 10*21*16</message>
</record>
</log>
<?xml version="1.0" encoding="UTF-8" standalone="no"?>
<!DOCTYPE log SYSTEM "logger.dtd">
<log>
<record>
  <date>2024-02-24T11:25:18.868-0300</date>
  <logger>MARCOS VINICIUS FRAGOSO DE OLIVEIRA</logger>
  <level>FINE</level>
  <message>File 122210469-MARCOS VINICIUS FRAGOSO DE OLIVEIRA.zip was received. It was sent by MARCOS VINICIUS FRAGOSO DE OLIVEIRA from IP 192.168.18.181 at 24-02-2024 11*25*18</message>
</record>
</log>
<?xml version="1.0" encoding="UTF-8" standalone="no"?>
<!DOCTYPE log SYSTEM "logger.dtd">
<log>
<record>
  <date>2024-02-24T11:38:19.754-0300</date>
  <logger>MARCOS VINICIUS FRAGOSO DE OLIVEIRA</logger>
  <level>FINE</level>
  <message>File 122210469-MARCOS VINICIUS FRAGOSO DE OLIVEIRA.zip was received. It was sent by MARCOS VINICIUS FRAGOSO DE OLIVEIRA from IP 192.168.18.181 at 24-02-2024 11*38*19</message>
</record>
</log>
<?xml version="1.0" encoding="UTF-8" standalone="no"?>
<!DOCTYPE log SYSTEM "logger.dtd">
<log>
<record>
  <date>2024-02-26T18:11:43.753-0300</date>
  <logger>MARCOS VINICIUS FRAGOSO DE OLIVEIRA</logger>
  <level>FINE</level>
  <message>File 122210469-MARCOS VINICIUS FRAGOSO DE OLIVEIRA.zip was received. It was sent by MARCOS VINICIUS FRAGOSO DE OLIVEIRA from IP 192.168.18.181 at 26-02-2024 18*11*43</message>
</record>
