<?xml version="1.0" encoding="UTF-8" standalone="no"?>
<!DOCTYPE log SYSTEM "logger.dtd">
<log>
<record>
  <date>2024-03-24T18:24:11.998-0300</date>
  <logger>MARCOS VINICIUS FRAGOSO DE OLIVEIRA</logger>
  <level>FINE</level>
  <message>File 122210469-MARCOS VINICIUS FRAGOSO DE OLIVEIRA.zip was received. It was sent by MARCOS VINICIUS FRAGOSO DE OLIVEIRA from IP 192.168.18.181 at 24-03-2024 18*24*11</message>
</record>
</log>
<?xml version="1.0" encoding="UTF-8" standalone="no"?>
<!DOCTYPE log SYSTEM "logger.dtd">
<log>
<record>
  <date>2024-03-28T14:59:33.974-0300</date>
  <logger>MARCOS VINICIUS FRAGOSO DE OLIVEIRA</logger>
  <level>FINE</level>
  <message>File 122210469-MARCOS VINICIUS FRAGOSO DE OLIVEIRA.zip was received. It was sent by MARCOS VINICIUS FRAGOSO DE OLIVEIRA from IP 192.168.18.181 at 28-03-2024 14*59*33</message>
</record>
</log>
<?xml version="1.0" encoding="UTF-8" standalone="no"?>
<!DOCTYPE log SYSTEM "logger.dtd">
<log>
<record>
  <date>2024-04-01T16:22:00.394-0300</date>
  <logger>MARCOS VINICIUS FRAGOSO DE OLIVEIRA</logger>
  <level>FINE</level>
  <message>File 122210469-MARCOS VINICIUS FRAGOSO DE OLIVEIRA.zip was received. It was sent by MARCOS VINICIUS FRAGOSO DE OLIVEIRA from IP 192.168.18.181 at 01-04-2024 16*22*00</message>
</record>
