<?xml version="1.0" encoding="UTF-8" standalone="no"?>
<!DOCTYPE log SYSTEM "logger.dtd">
<log>
<record>
  <date>2024-03-06T10:28:48.105-0300</date>
  <logger>MARCOS VINICIUS FRAGOSO DE OLIVEIRA</logger>
  <level>FINE</level>
  <message>File 122210469-MARCOS VINICIUS FRAGOSO DE OLIVEIRA.zip was received. It was sent by MARCOS VINICIUS FRAGOSO DE OLIVEIRA from IP 192.168.18.181 at 06-03-2024 10*28*48</message>
</record>
</log>
<?xml version="1.0" encoding="UTF-8" standalone="no"?>
<!DOCTYPE log SYSTEM "logger.dtd">
<log>
<record>
  <date>2024-03-08T14:33:20.431-0300</date>
  <logger>MARCOS VINICIUS FRAGOSO DE OLIVEIRA</logger>
  <level>FINE</level>
  <message>File 122210469-MARCOS VINICIUS FRAGOSO DE OLIVEIRA.zip was received. It was sent by MARCOS VINICIUS FRAGOSO DE OLIVEIRA from IP 192.168.18.181 at 08-03-2024 14*33*20</message>
</record>
</log>
<?xml version="1.0" encoding="UTF-8" standalone="no"?>
<!DOCTYPE log SYSTEM "logger.dtd">
<log>
<record>
  <date>2024-03-10T10:11:41.530-0300</date>
  <logger>MARCOS VINICIUS FRAGOSO DE OLIVEIRA</logger>
  <level>FINE</level>
  <message>File 122210469-MARCOS VINICIUS FRAGOSO DE OLIVEIRA.zip was received. It was sent by MARCOS VINICIUS FRAGOSO DE OLIVEIRA from IP 192.168.18.181 at 10-03-2024 10*11*41</message>
</record>
