<?xml version="1.0" encoding="UTF-8" standalone="no"?>
<!DOCTYPE log SYSTEM "logger.dtd">
<log>
<record>
  <date>2024-03-28T15:02:12.659-0300</date>
  <logger>MARCOS VINICIUS FRAGOSO DE OLIVEIRA</logger>
  <level>FINE</level>
  <message>File 122210469-MARCOS VINICIUS FRAGOSO DE OLIVEIRA.zip was received. It was sent by MARCOS VINICIUS FRAGOSO DE OLIVEIRA from IP 192.168.18.181 at 28-03-2024 15*02*12</message>
</record>
</log>
<?xml version="1.0" encoding="UTF-8" standalone="no"?>
<!DOCTYPE log SYSTEM "logger.dtd">
<log>
<record>
  <date>2024-03-29T13:59:13.360-0300</date>
  <logger>MARCOS VINICIUS FRAGOSO DE OLIVEIRA</logger>
  <level>FINE</level>
  <message>File 122210469-MARCOS VINICIUS FRAGOSO DE OLIVEIRA.zip was received. It was sent by MARCOS VINICIUS FRAGOSO DE OLIVEIRA from IP 192.168.18.181 at 29-03-2024 13*59*13</message>
</record>
</log>
<?xml version="1.0" encoding="UTF-8" standalone="no"?>
<!DOCTYPE log SYSTEM "logger.dtd">
<log>
<record>
  <date>2024-03-30T10:03:37.121-0300</date>
  <logger>MARCOS VINICIUS FRAGOSO DE OLIVEIRA</logger>
  <level>FINE</level>
  <message>File 122210469-MARCOS VINICIUS FRAGOSO DE OLIVEIRA.zip was received. It was sent by MARCOS VINICIUS FRAGOSO DE OLIVEIRA from IP 192.168.18.181 at 30-03-2024 10*03*37</message>
</record>
</log>
<?xml version="1.0" encoding="UTF-8" standalone="no"?>
<!DOCTYPE log SYSTEM "logger.dtd">
<log>
<record>
  <date>2024-04-01T16:19:31.054-0300</date>
  <logger>MARCOS VINICIUS FRAGOSO DE OLIVEIRA</logger>
  <level>FINE</level>
  <message>File 122210469-MARCOS VINICIUS FRAGOSO DE OLIVEIRA.zip was received. It was sent by MARCOS VINICIUS FRAGOSO DE OLIVEIRA from IP 192.168.18.181 at 01-04-2024 16*19*31</message>
</record>
