<?xml version="1.0" encoding="UTF-8" standalone="no"?>
<!DOCTYPE log SYSTEM "logger.dtd">
<log>
<record>
  <date>2024-03-13T08:08:06.343-0300</date>
  <logger>MARCOS VINICIUS FRAGOSO DE OLIVEIRA</logger>
  <level>FINE</level>
  <message>File 122210469-MARCOS VINICIUS FRAGOSO DE OLIVEIRA.zip was received. It was sent by MARCOS VINICIUS FRAGOSO DE OLIVEIRA from IP 150.165.74.42 at 13-03-2024 08*08*06</message>
</record>
</log>
<?xml version="1.0" encoding="UTF-8" standalone="no"?>
<!DOCTYPE log SYSTEM "logger.dtd">
<log>
<record>
  <date>2024-03-13T14:42:12.484-0300</date>
  <logger>MARCOS VINICIUS FRAGOSO DE OLIVEIRA</logger>
  <level>FINE</level>
  <message>File 122210469-MARCOS VINICIUS FRAGOSO DE OLIVEIRA.zip was received. It was sent by MARCOS VINICIUS FRAGOSO DE OLIVEIRA from IP 192.168.18.181 at 13-03-2024 14*42*12</message>
</record>
</log>
<?xml version="1.0" encoding="UTF-8" standalone="no"?>
<!DOCTYPE log SYSTEM "logger.dtd">
<log>
<record>
  <date>2024-03-15T19:21:12.187-0300</date>
  <logger>MARCOS VINICIUS FRAGOSO DE OLIVEIRA</logger>
  <level>FINE</level>
  <message>File 122210469-MARCOS VINICIUS FRAGOSO DE OLIVEIRA.zip was received. It was sent by MARCOS VINICIUS FRAGOSO DE OLIVEIRA from IP 192.168.18.181 at 15-03-2024 19*21*12</message>
</record>
</log>
<?xml version="1.0" encoding="UTF-8" standalone="no"?>
<!DOCTYPE log SYSTEM "logger.dtd">
<log>
<record>
  <date>2024-03-15T20:27:57.422-0300</date>
  <logger>MARCOS VINICIUS FRAGOSO DE OLIVEIRA</logger>
  <level>FINE</level>
  <message>File 122210469-MARCOS VINICIUS FRAGOSO DE OLIVEIRA.zip was received. It was sent by MARCOS VINICIUS FRAGOSO DE OLIVEIRA from IP 192.168.18.181 at 15-03-2024 20*27*57</message>
</record>
</log>
<?xml version="1.0" encoding="UTF-8" standalone="no"?>
<!DOCTYPE log SYSTEM "logger.dtd">
<log>
<record>
  <date>2024-03-16T10:41:08.678-0300</date>
  <logger>MARCOS VINICIUS FRAGOSO DE OLIVEIRA</logger>
  <level>FINE</level>
  <message>File 122210469-MARCOS VINICIUS FRAGOSO DE OLIVEIRA.zip was received. It was sent by MARCOS VINICIUS FRAGOSO DE OLIVEIRA from IP 192.168.18.181 at 16-03-2024 10*41*08</message>
</record>
